{"/Users/emilfabel/insy7314/backend/app.js": {"path":"/Users/emilfabel/insy7314/backend/app.js","statementMap":{"0":{"start":{"line":4,"column":12},"end":{"line":4,"column":21}},"1":{"start":{"line":5,"column":18},"end":{"line":5,"column":24}},"2":{"start":{"line":7,"column":13},"end":{"line":7,"column":17}},"3":{"start":{"line":9,"column":0},"end":{"line":11,"column":2}},"4":{"start":{"line":10,"column":4},"end":{"line":10,"column":48}},"5":{"start":{"line":13,"column":0},"end":{"line":15,"column":2}},"6":{"start":{"line":14,"column":4},"end":{"line":14,"column":38}},"7":{"start":{"line":17,"column":0},"end":{"line":24,"column":2}},"8":{"start":{"line":18,"column":19},"end":{"line":22,"column":5}},"9":{"start":{"line":23,"column":4},"end":{"line":23,"column":21}},"10":{"start":{"line":26,"column":0},"end":{"line":26,"column":16}}},"fnMap":{"0":{"name":"(anonymous_0)","decl":{"start":{"line":9,"column":13},"end":{"line":9,"column":14}},"loc":{"start":{"line":9,"column":27},"end":{"line":11,"column":1}},"line":9},"1":{"name":"(anonymous_1)","decl":{"start":{"line":13,"column":17},"end":{"line":13,"column":18}},"loc":{"start":{"line":13,"column":31},"end":{"line":15,"column":1}},"line":13},"2":{"name":"(anonymous_2)","decl":{"start":{"line":17,"column":31},"end":{"line":17,"column":32}},"loc":{"start":{"line":17,"column":45},"end":{"line":24,"column":1}},"line":17}},"branchMap":{},"s":{"0":0,"1":0,"2":0,"3":0,"4":0,"5":0,"6":0,"7":0,"8":0,"9":0,"10":0},"f":{"0":0,"1":0,"2":0},"b":{},"inputSourceMap":null}
,"/Users/emilfabel/insy7314/backend/check-auth.js": {"path":"/Users/emilfabel/insy7314/backend/check-auth.js","statementMap":{"0":{"start":{"line":3,"column":18},"end":{"line":15,"column":1}},"1":{"start":{"line":4,"column":4},"end":{"line":14,"column":5}},"2":{"start":{"line":5,"column":22},"end":{"line":5,"column":61}},"3":{"start":{"line":6,"column":8},"end":{"line":8,"column":9}},"4":{"start":{"line":7,"column":12},"end":{"line":7,"column":79}},"5":{"start":{"line":9,"column":24},"end":{"line":9,"column":65}},"6":{"start":{"line":10,"column":8},"end":{"line":10,"column":27}},"7":{"start":{"line":11,"column":8},"end":{"line":11,"column":15}},"8":{"start":{"line":13,"column":8},"end":{"line":13,"column":75}}},"fnMap":{"0":{"name":"(anonymous_0)","decl":{"start":{"line":3,"column":18},"end":{"line":3,"column":19}},"loc":{"start":{"line":3,"column":38},"end":{"line":15,"column":1}},"line":3}},"branchMap":{"0":{"loc":{"start":{"line":6,"column":8},"end":{"line":8,"column":9}},"type":"if","locations":[{"start":{"line":6,"column":8},"end":{"line":8,"column":9}},{"start":{},"end":{}}],"line":6}},"s":{"0":0,"1":0,"2":0,"3":0,"4":0,"5":0,"6":0,"7":0,"8":0},"f":{"0":0},"b":{"0":[0,0]},"inputSourceMap":null}
,"/Users/emilfabel/insy7314/backend/server.js": {"path":"/Users/emilfabel/insy7314/backend/server.js","statementMap":{"0":{"start":{"line":13,"column":0},"end":{"line":13,"column":16}},"1":{"start":{"line":17,"column":13},"end":{"line":17,"column":17}},"2":{"start":{"line":18,"column":18},"end":{"line":18,"column":22}},"3":{"start":{"line":19,"column":12},"end":{"line":19,"column":21}},"4":{"start":{"line":22,"column":16},"end":{"line":27,"column":2}},"5":{"start":{"line":28,"column":0},"end":{"line":28,"column":17}},"6":{"start":{"line":31,"column":0},"end":{"line":34,"column":3}},"7":{"start":{"line":32,"column":2},"end":{"line":32,"column":43}},"8":{"start":{"line":33,"column":2},"end":{"line":33,"column":9}},"9":{"start":{"line":36,"column":16},"end":{"line":39,"column":1}},"10":{"start":{"line":42,"column":23},"end":{"line":49,"column":1}},"11":{"start":{"line":51,"column":20},"end":{"line":57,"column":1}},"12":{"start":{"line":59,"column":0},"end":{"line":59,"column":27}},"13":{"start":{"line":61,"column":0},"end":{"line":61,"column":24}},"14":{"start":{"line":62,"column":0},"end":{"line":62,"column":48}},"15":{"start":{"line":65,"column":0},"end":{"line":65,"column":24}},"16":{"start":{"line":66,"column":0},"end":{"line":66,"column":26}},"17":{"start":{"line":67,"column":0},"end":{"line":67,"column":31}},"18":{"start":{"line":68,"column":0},"end":{"line":68,"column":33}},"19":{"start":{"line":71,"column":0},"end":{"line":73,"column":2}},"20":{"start":{"line":72,"column":2},"end":{"line":72,"column":63}},"21":{"start":{"line":76,"column":0},"end":{"line":83,"column":2}},"22":{"start":{"line":77,"column":2},"end":{"line":82,"column":5}},"23":{"start":{"line":86,"column":0},"end":{"line":88,"column":3}},"24":{"start":{"line":87,"column":4},"end":{"line":87,"column":59}},"25":{"start":{"line":91,"column":0},"end":{"line":93,"column":3}},"26":{"start":{"line":92,"column":4},"end":{"line":92,"column":60}}},"fnMap":{"0":{"name":"(anonymous_0)","decl":{"start":{"line":31,"column":8},"end":{"line":31,"column":9}},"loc":{"start":{"line":31,"column":28},"end":{"line":34,"column":1}},"line":31},"1":{"name":"(anonymous_1)","decl":{"start":{"line":71,"column":13},"end":{"line":71,"column":14}},"loc":{"start":{"line":71,"column":27},"end":{"line":73,"column":1}},"line":71},"2":{"name":"(anonymous_2)","decl":{"start":{"line":76,"column":23},"end":{"line":76,"column":24}},"loc":{"start":{"line":76,"column":37},"end":{"line":83,"column":1}},"line":76},"3":{"name":"(anonymous_3)","decl":{"start":{"line":86,"column":46},"end":{"line":86,"column":47}},"loc":{"start":{"line":86,"column":52},"end":{"line":88,"column":1}},"line":86},"4":{"name":"(anonymous_4)","decl":{"start":{"line":91,"column":41},"end":{"line":91,"column":42}},"loc":{"start":{"line":91,"column":47},"end":{"line":93,"column":1}},"line":91}},"branchMap":{},"s":{"0":0,"1":0,"2":0,"3":0,"4":0,"5":0,"6":0,"7":0,"8":0,"9":0,"10":0,"11":0,"12":0,"13":0,"14":0,"15":0,"16":0,"17":0,"18":0,"19":0,"20":0,"21":0,"22":0,"23":0,"24":0,"25":0,"26":0},"f":{"0":0,"1":0,"2":0,"3":0,"4":0},"b":{},"inputSourceMap":null}
,"/Users/emilfabel/insy7314/backend/db/conn.js": {"path":"/Users/emilfabel/insy7314/backend/db/conn.js","statementMap":{"0":{"start":{"line":3,"column":0},"end":{"line":3,"column":16}},"1":{"start":{"line":5,"column":25},"end":{"line":5,"column":52}},"2":{"start":{"line":7,"column":15},"end":{"line":7,"column":48}},"3":{"start":{"line":10,"column":0},"end":{"line":15,"column":1}},"4":{"start":{"line":11,"column":4},"end":{"line":11,"column":34}},"5":{"start":{"line":12,"column":4},"end":{"line":12,"column":46}},"6":{"start":{"line":14,"column":4},"end":{"line":14,"column":63}},"7":{"start":{"line":17,"column":9},"end":{"line":17,"column":27}}},"fnMap":{},"branchMap":{"0":{"loc":{"start":{"line":5,"column":25},"end":{"line":5,"column":52}},"type":"binary-expr","locations":[{"start":{"line":5,"column":25},"end":{"line":5,"column":46}},{"start":{"line":5,"column":50},"end":{"line":5,"column":52}}],"line":5}},"s":{"0":0,"1":0,"2":0,"3":0,"4":0,"5":0,"6":0,"7":0},"f":{},"b":{"0":[0,0]},"inputSourceMap":null}
,"/Users/emilfabel/insy7314/backend/routes/payments.js": {"path":"/Users/emilfabel/insy7314/backend/routes/payments.js","statementMap":{"0":{"start":{"line":7,"column":15},"end":{"line":7,"column":31}},"1":{"start":{"line":8,"column":0},"end":{"line":8,"column":22}},"2":{"start":{"line":15,"column":0},"end":{"line":109,"column":3}},"3":{"start":{"line":18,"column":26},"end":{"line":18,"column":114}},"4":{"start":{"line":19,"column":4},"end":{"line":23,"column":7}},"5":{"start":{"line":20,"column":8},"end":{"line":22,"column":9}},"6":{"start":{"line":21,"column":12},"end":{"line":21,"column":33}},"7":{"start":{"line":26,"column":31},"end":{"line":26,"column":57}},"8":{"start":{"line":27,"column":31},"end":{"line":27,"column":43}},"9":{"start":{"line":28,"column":27},"end":{"line":28,"column":64}},"10":{"start":{"line":29,"column":24},"end":{"line":29,"column":43}},"11":{"start":{"line":30,"column":26},"end":{"line":30,"column":38}},"12":{"start":{"line":31,"column":33},"end":{"line":31,"column":59}},"13":{"start":{"line":33,"column":4},"end":{"line":108,"column":5}},"14":{"start":{"line":41,"column":12},"end":{"line":41,"column":20}},"15":{"start":{"line":44,"column":8},"end":{"line":48,"column":9}},"16":{"start":{"line":45,"column":12},"end":{"line":47,"column":15}},"17":{"start":{"line":51,"column":8},"end":{"line":53,"column":9}},"18":{"start":{"line":52,"column":12},"end":{"line":52,"column":87}},"19":{"start":{"line":54,"column":8},"end":{"line":56,"column":9}},"20":{"start":{"line":55,"column":12},"end":{"line":55,"column":87}},"21":{"start":{"line":57,"column":8},"end":{"line":59,"column":9}},"22":{"start":{"line":58,"column":12},"end":{"line":58,"column":83}},"23":{"start":{"line":60,"column":8},"end":{"line":62,"column":9}},"24":{"start":{"line":61,"column":12},"end":{"line":61,"column":79}},"25":{"start":{"line":63,"column":8},"end":{"line":65,"column":9}},"26":{"start":{"line":64,"column":12},"end":{"line":64,"column":81}},"27":{"start":{"line":66,"column":8},"end":{"line":68,"column":9}},"28":{"start":{"line":67,"column":12},"end":{"line":67,"column":89}},"29":{"start":{"line":71,"column":39},"end":{"line":71,"column":74}},"30":{"start":{"line":72,"column":39},"end":{"line":72,"column":74}},"31":{"start":{"line":73,"column":35},"end":{"line":73,"column":80}},"32":{"start":{"line":74,"column":32},"end":{"line":74,"column":64}},"33":{"start":{"line":75,"column":34},"end":{"line":75,"column":78}},"34":{"start":{"line":76,"column":41},"end":{"line":76,"column":78}},"35":{"start":{"line":79,"column":35},"end":{"line":94,"column":9}},"36":{"start":{"line":96,"column":25},"end":{"line":96,"column":68}},"37":{"start":{"line":97,"column":21},"end":{"line":97,"column":67}},"38":{"start":{"line":99,"column":8},"end":{"line":103,"column":11}},"39":{"start":{"line":106,"column":8},"end":{"line":106,"column":58}},"40":{"start":{"line":107,"column":8},"end":{"line":107,"column":67}},"41":{"start":{"line":116,"column":0},"end":{"line":143,"column":3}},"42":{"start":{"line":117,"column":4},"end":{"line":142,"column":5}},"43":{"start":{"line":118,"column":25},"end":{"line":118,"column":68}},"44":{"start":{"line":119,"column":27},"end":{"line":119,"column":88}},"45":{"start":{"line":122,"column":38},"end":{"line":132,"column":11}},"46":{"start":{"line":123,"column":12},"end":{"line":131,"column":14}},"47":{"start":{"line":134,"column":8},"end":{"line":137,"column":11}},"48":{"start":{"line":140,"column":8},"end":{"line":140,"column":63}},"49":{"start":{"line":141,"column":8},"end":{"line":141,"column":67}},"50":{"start":{"line":150,"column":0},"end":{"line":179,"column":3}},"51":{"start":{"line":151,"column":4},"end":{"line":178,"column":5}},"52":{"start":{"line":152,"column":25},"end":{"line":152,"column":68}},"53":{"start":{"line":153,"column":27},"end":{"line":155,"column":46}},"54":{"start":{"line":158,"column":38},"end":{"line":168,"column":11}},"55":{"start":{"line":159,"column":12},"end":{"line":167,"column":14}},"56":{"start":{"line":170,"column":8},"end":{"line":173,"column":11}},"57":{"start":{"line":176,"column":8},"end":{"line":176,"column":68}},"58":{"start":{"line":177,"column":8},"end":{"line":177,"column":67}},"59":{"start":{"line":186,"column":0},"end":{"line":221,"column":3}},"60":{"start":{"line":187,"column":4},"end":{"line":220,"column":5}},"61":{"start":{"line":188,"column":23},"end":{"line":188,"column":33}},"62":{"start":{"line":190,"column":8},"end":{"line":192,"column":9}},"63":{"start":{"line":191,"column":12},"end":{"line":191,"column":79}},"64":{"start":{"line":194,"column":25},"end":{"line":194,"column":68}},"65":{"start":{"line":195,"column":26},"end":{"line":195,"column":77}},"66":{"start":{"line":197,"column":8},"end":{"line":199,"column":9}},"67":{"start":{"line":198,"column":12},"end":{"line":198,"column":86}},"68":{"start":{"line":202,"column":37},"end":{"line":210,"column":9}},"69":{"start":{"line":212,"column":8},"end":{"line":215,"column":11}},"70":{"start":{"line":218,"column":8},"end":{"line":218,"column":62}},"71":{"start":{"line":219,"column":8},"end":{"line":219,"column":67}},"72":{"start":{"line":228,"column":0},"end":{"line":297,"column":3}},"73":{"start":{"line":229,"column":4},"end":{"line":296,"column":5}},"74":{"start":{"line":230,"column":23},"end":{"line":230,"column":33}},"75":{"start":{"line":231,"column":37},"end":{"line":231,"column":45}},"76":{"start":{"line":233,"column":8},"end":{"line":235,"column":9}},"77":{"start":{"line":234,"column":12},"end":{"line":234,"column":79}},"78":{"start":{"line":237,"column":8},"end":{"line":239,"column":9}},"79":{"start":{"line":238,"column":12},"end":{"line":238,"column":103}},"80":{"start":{"line":241,"column":25},"end":{"line":241,"column":68}},"81":{"start":{"line":244,"column":26},"end":{"line":244,"column":77}},"82":{"start":{"line":246,"column":8},"end":{"line":248,"column":9}},"83":{"start":{"line":247,"column":12},"end":{"line":247,"column":86}},"84":{"start":{"line":250,"column":8},"end":{"line":254,"column":9}},"85":{"start":{"line":251,"column":12},"end":{"line":253,"column":15}},"86":{"start":{"line":257,"column":27},"end":{"line":263,"column":9}},"87":{"start":{"line":265,"column":21},"end":{"line":268,"column":9}},"88":{"start":{"line":270,"column":8},"end":{"line":272,"column":9}},"89":{"start":{"line":271,"column":12},"end":{"line":271,"column":85}},"90":{"start":{"line":275,"column":33},"end":{"line":275,"column":84}},"91":{"start":{"line":278,"column":37},"end":{"line":286,"column":9}},"92":{"start":{"line":288,"column":8},"end":{"line":291,"column":11}},"93":{"start":{"line":294,"column":8},"end":{"line":294,"column":61}},"94":{"start":{"line":295,"column":8},"end":{"line":295,"column":67}},"95":{"start":{"line":304,"column":0},"end":{"line":337,"column":3}},"96":{"start":{"line":305,"column":4},"end":{"line":336,"column":5}},"97":{"start":{"line":306,"column":27},"end":{"line":306,"column":37}},"98":{"start":{"line":308,"column":8},"end":{"line":310,"column":9}},"99":{"start":{"line":309,"column":12},"end":{"line":309,"column":111}},"100":{"start":{"line":312,"column":25},"end":{"line":312,"column":68}},"101":{"start":{"line":313,"column":27},"end":{"line":313,"column":104}},"102":{"start":{"line":316,"column":38},"end":{"line":326,"column":11}},"103":{"start":{"line":317,"column":12},"end":{"line":325,"column":14}},"104":{"start":{"line":328,"column":8},"end":{"line":331,"column":11}},"105":{"start":{"line":334,"column":8},"end":{"line":334,"column":73}},"106":{"start":{"line":335,"column":8},"end":{"line":335,"column":67}}},"fnMap":{"0":{"name":"(anonymous_0)","decl":{"start":{"line":15,"column":23},"end":{"line":15,"column":24}},"loc":{"start":{"line":15,"column":43},"end":{"line":109,"column":1}},"line":15},"1":{"name":"(anonymous_1)","decl":{"start":{"line":19,"column":34},"end":{"line":19,"column":35}},"loc":{"start":{"line":19,"column":41},"end":{"line":23,"column":5}},"line":19},"2":{"name":"(anonymous_2)","decl":{"start":{"line":116,"column":19},"end":{"line":116,"column":20}},"loc":{"start":{"line":116,"column":39},"end":{"line":143,"column":1}},"line":116},"3":{"name":"(anonymous_3)","decl":{"start":{"line":122,"column":73},"end":{"line":122,"column":74}},"loc":{"start":{"line":122,"column":88},"end":{"line":132,"column":9}},"line":122},"4":{"name":"(anonymous_4)","decl":{"start":{"line":150,"column":31},"end":{"line":150,"column":32}},"loc":{"start":{"line":150,"column":51},"end":{"line":179,"column":1}},"line":150},"5":{"name":"(anonymous_5)","decl":{"start":{"line":158,"column":73},"end":{"line":158,"column":74}},"loc":{"start":{"line":158,"column":88},"end":{"line":168,"column":9}},"line":158},"6":{"name":"(anonymous_6)","decl":{"start":{"line":186,"column":19},"end":{"line":186,"column":20}},"loc":{"start":{"line":186,"column":39},"end":{"line":221,"column":1}},"line":186},"7":{"name":"(anonymous_7)","decl":{"start":{"line":228,"column":28},"end":{"line":228,"column":29}},"loc":{"start":{"line":228,"column":48},"end":{"line":297,"column":1}},"line":228},"8":{"name":"(anonymous_8)","decl":{"start":{"line":304,"column":30},"end":{"line":304,"column":31}},"loc":{"start":{"line":304,"column":50},"end":{"line":337,"column":1}},"line":304},"9":{"name":"(anonymous_9)","decl":{"start":{"line":316,"column":73},"end":{"line":316,"column":74}},"loc":{"start":{"line":316,"column":88},"end":{"line":326,"column":9}},"line":316}},"branchMap":{"0":{"loc":{"start":{"line":20,"column":8},"end":{"line":22,"column":9}},"type":"if","locations":[{"start":{"line":20,"column":8},"end":{"line":22,"column":9}},{"start":{},"end":{}}],"line":20},"1":{"loc":{"start":{"line":44,"column":8},"end":{"line":48,"column":9}},"type":"if","locations":[{"start":{"line":44,"column":8},"end":{"line":48,"column":9}},{"start":{},"end":{}}],"line":44},"2":{"loc":{"start":{"line":44,"column":12},"end":{"line":44,"column":102}},"type":"binary-expr","locations":[{"start":{"line":44,"column":12},"end":{"line":44,"column":26}},{"start":{"line":44,"column":30},"end":{"line":44,"column":44}},{"start":{"line":44,"column":48},"end":{"line":44,"column":58}},{"start":{"line":44,"column":62},"end":{"line":44,"column":69}},{"start":{"line":44,"column":73},"end":{"line":44,"column":82}},{"start":{"line":44,"column":86},"end":{"line":44,"column":102}}],"line":44},"3":{"loc":{"start":{"line":51,"column":8},"end":{"line":53,"column":9}},"type":"if","locations":[{"start":{"line":51,"column":8},"end":{"line":53,"column":9}},{"start":{},"end":{}}],"line":51},"4":{"loc":{"start":{"line":54,"column":8},"end":{"line":56,"column":9}},"type":"if","locations":[{"start":{"line":54,"column":8},"end":{"line":56,"column":9}},{"start":{},"end":{}}],"line":54},"5":{"loc":{"start":{"line":57,"column":8},"end":{"line":59,"column":9}},"type":"if","locations":[{"start":{"line":57,"column":8},"end":{"line":59,"column":9}},{"start":{},"end":{}}],"line":57},"6":{"loc":{"start":{"line":60,"column":8},"end":{"line":62,"column":9}},"type":"if","locations":[{"start":{"line":60,"column":8},"end":{"line":62,"column":9}},{"start":{},"end":{}}],"line":60},"7":{"loc":{"start":{"line":63,"column":8},"end":{"line":65,"column":9}},"type":"if","locations":[{"start":{"line":63,"column":8},"end":{"line":65,"column":9}},{"start":{},"end":{}}],"line":63},"8":{"loc":{"start":{"line":66,"column":8},"end":{"line":68,"column":9}},"type":"if","locations":[{"start":{"line":66,"column":8},"end":{"line":68,"column":9}},{"start":{},"end":{}}],"line":66},"9":{"loc":{"start":{"line":190,"column":8},"end":{"line":192,"column":9}},"type":"if","locations":[{"start":{"line":190,"column":8},"end":{"line":192,"column":9}},{"start":{},"end":{}}],"line":190},"10":{"loc":{"start":{"line":197,"column":8},"end":{"line":199,"column":9}},"type":"if","locations":[{"start":{"line":197,"column":8},"end":{"line":199,"column":9}},{"start":{},"end":{}}],"line":197},"11":{"loc":{"start":{"line":233,"column":8},"end":{"line":235,"column":9}},"type":"if","locations":[{"start":{"line":233,"column":8},"end":{"line":235,"column":9}},{"start":{},"end":{}}],"line":233},"12":{"loc":{"start":{"line":237,"column":8},"end":{"line":239,"column":9}},"type":"if","locations":[{"start":{"line":237,"column":8},"end":{"line":239,"column":9}},{"start":{},"end":{}}],"line":237},"13":{"loc":{"start":{"line":237,"column":12},"end":{"line":237,"column":65}},"type":"binary-expr","locations":[{"start":{"line":237,"column":12},"end":{"line":237,"column":19}},{"start":{"line":237,"column":23},"end":{"line":237,"column":65}}],"line":237},"14":{"loc":{"start":{"line":246,"column":8},"end":{"line":248,"column":9}},"type":"if","locations":[{"start":{"line":246,"column":8},"end":{"line":248,"column":9}},{"start":{},"end":{}}],"line":246},"15":{"loc":{"start":{"line":250,"column":8},"end":{"line":254,"column":9}},"type":"if","locations":[{"start":{"line":250,"column":8},"end":{"line":254,"column":9}},{"start":{},"end":{}}],"line":250},"16":{"loc":{"start":{"line":262,"column":28},"end":{"line":262,"column":44}},"type":"binary-expr","locations":[{"start":{"line":262,"column":28},"end":{"line":262,"column":36}},{"start":{"line":262,"column":40},"end":{"line":262,"column":44}}],"line":262},"17":{"loc":{"start":{"line":270,"column":8},"end":{"line":272,"column":9}},"type":"if","locations":[{"start":{"line":270,"column":8},"end":{"line":272,"column":9}},{"start":{},"end":{}}],"line":270},"18":{"loc":{"start":{"line":308,"column":8},"end":{"line":310,"column":9}},"type":"if","locations":[{"start":{"line":308,"column":8},"end":{"line":310,"column":9}},{"start":{},"end":{}}],"line":308}},"s":{"0":0,"1":0,"2":0,"3":0,"4":0,"5":0,"6":0,"7":0,"8":0,"9":0,"10":0,"11":0,"12":0,"13":0,"14":0,"15":0,"16":0,"17":0,"18":0,"19":0,"20":0,"21":0,"22":0,"23":0,"24":0,"25":0,"26":0,"27":0,"28":0,"29":0,"30":0,"31":0,"32":0,"33":0,"34":0,"35":0,"36":0,"37":0,"38":0,"39":0,"40":0,"41":0,"42":0,"43":0,"44":0,"45":0,"46":0,"47":0,"48":0,"49":0,"50":0,"51":0,"52":0,"53":0,"54":0,"55":0,"56":0,"57":0,"58":0,"59":0,"60":0,"61":0,"62":0,"63":0,"64":0,"65":0,"66":0,"67":0,"68":0,"69":0,"70":0,"71":0,"72":0,"73":0,"74":0,"75":0,"76":0,"77":0,"78":0,"79":0,"80":0,"81":0,"82":0,"83":0,"84":0,"85":0,"86":0,"87":0,"88":0,"89":0,"90":0,"91":0,"92":0,"93":0,"94":0,"95":0,"96":0,"97":0,"98":0,"99":0,"100":0,"101":0,"102":0,"103":0,"104":0,"105":0,"106":0},"f":{"0":0,"1":0,"2":0,"3":0,"4":0,"5":0,"6":0,"7":0,"8":0,"9":0},"b":{"0":[0,0],"1":[0,0],"2":[0,0,0,0,0,0],"3":[0,0],"4":[0,0],"5":[0,0],"6":[0,0],"7":[0,0],"8":[0,0],"9":[0,0],"10":[0,0],"11":[0,0],"12":[0,0],"13":[0,0],"14":[0,0],"15":[0,0],"16":[0,0],"17":[0,0],"18":[0,0]},"inputSourceMap":null}
,"/Users/emilfabel/insy7314/backend/routes/user.js": {"path":"/Users/emilfabel/insy7314/backend/routes/user.js","statementMap":{"0":{"start":{"line":9,"column":15},"end":{"line":9,"column":31}},"1":{"start":{"line":16,"column":0},"end":{"line":95,"column":3}},"2":{"start":{"line":17,"column":4},"end":{"line":94,"column":5}},"3":{"start":{"line":20,"column":30},"end":{"line":20,"column":96}},"4":{"start":{"line":21,"column":8},"end":{"line":25,"column":11}},"5":{"start":{"line":22,"column":12},"end":{"line":24,"column":13}},"6":{"start":{"line":23,"column":16},"end":{"line":23,"column":37}},"7":{"start":{"line":28,"column":30},"end":{"line":28,"column":52}},"8":{"start":{"line":29,"column":30},"end":{"line":29,"column":53}},"9":{"start":{"line":30,"column":35},"end":{"line":30,"column":47}},"10":{"start":{"line":31,"column":30},"end":{"line":31,"column":40}},"11":{"start":{"line":32,"column":30},"end":{"line":32,"column":77}},"12":{"start":{"line":35,"column":23},"end":{"line":35,"column":40}},"13":{"start":{"line":36,"column":24},"end":{"line":36,"column":42}},"14":{"start":{"line":37,"column":28},"end":{"line":37,"column":50}},"15":{"start":{"line":38,"column":23},"end":{"line":38,"column":40}},"16":{"start":{"line":39,"column":23},"end":{"line":39,"column":40}},"17":{"start":{"line":42,"column":8},"end":{"line":44,"column":9}},"18":{"start":{"line":43,"column":12},"end":{"line":43,"column":126}},"19":{"start":{"line":46,"column":9},"end":{"line":48,"column":9}},"20":{"start":{"line":47,"column":12},"end":{"line":47,"column":126}},"21":{"start":{"line":49,"column":8},"end":{"line":51,"column":9}},"22":{"start":{"line":50,"column":12},"end":{"line":50,"column":81}},"23":{"start":{"line":52,"column":8},"end":{"line":54,"column":9}},"24":{"start":{"line":53,"column":12},"end":{"line":53,"column":78}},"25":{"start":{"line":55,"column":8},"end":{"line":57,"column":9}},"26":{"start":{"line":56,"column":12},"end":{"line":56,"column":79}},"27":{"start":{"line":58,"column":8},"end":{"line":60,"column":9}},"28":{"start":{"line":59,"column":12},"end":{"line":59,"column":129}},"29":{"start":{"line":63,"column":29},"end":{"line":63,"column":57}},"30":{"start":{"line":64,"column":29},"end":{"line":64,"column":81}},"31":{"start":{"line":66,"column":8},"end":{"line":68,"column":9}},"32":{"start":{"line":67,"column":12},"end":{"line":67,"column":67}},"33":{"start":{"line":71,"column":31},"end":{"line":71,"column":62}},"34":{"start":{"line":74,"column":39},"end":{"line":74,"column":67}},"35":{"start":{"line":75,"column":34},"end":{"line":75,"column":57}},"36":{"start":{"line":76,"column":34},"end":{"line":76,"column":58}},"37":{"start":{"line":78,"column":28},"end":{"line":85,"column":9}},"38":{"start":{"line":87,"column":21},"end":{"line":87,"column":64}},"39":{"start":{"line":89,"column":8},"end":{"line":89,"column":79}},"40":{"start":{"line":92,"column":8},"end":{"line":92,"column":46}},"41":{"start":{"line":93,"column":8},"end":{"line":93,"column":54}},"42":{"start":{"line":102,"column":0},"end":{"line":138,"column":3}},"43":{"start":{"line":103,"column":4},"end":{"line":137,"column":5}},"44":{"start":{"line":104,"column":25},"end":{"line":104,"column":42}},"45":{"start":{"line":106,"column":8},"end":{"line":108,"column":9}},"46":{"start":{"line":107,"column":12},"end":{"line":107,"column":74}},"47":{"start":{"line":110,"column":29},"end":{"line":110,"column":57}},"48":{"start":{"line":111,"column":19},"end":{"line":111,"column":71}},"49":{"start":{"line":113,"column":8},"end":{"line":115,"column":9}},"50":{"start":{"line":114,"column":12},"end":{"line":114,"column":71}},"51":{"start":{"line":118,"column":34},"end":{"line":118,"column":63}},"52":{"start":{"line":119,"column":39},"end":{"line":119,"column":72}},"53":{"start":{"line":120,"column":34},"end":{"line":120,"column":62}},"54":{"start":{"line":122,"column":8},"end":{"line":132,"column":11}},"55":{"start":{"line":135,"column":8},"end":{"line":135,"column":57}},"56":{"start":{"line":136,"column":8},"end":{"line":136,"column":67}},"57":{"start":{"line":145,"column":0},"end":{"line":217,"column":3}},"58":{"start":{"line":148,"column":26},"end":{"line":148,"column":63}},"59":{"start":{"line":149,"column":4},"end":{"line":153,"column":7}},"60":{"start":{"line":150,"column":8},"end":{"line":152,"column":9}},"61":{"start":{"line":151,"column":12},"end":{"line":151,"column":33}},"62":{"start":{"line":156,"column":22},"end":{"line":156,"column":44}},"63":{"start":{"line":157,"column":26},"end":{"line":157,"column":73}},"64":{"start":{"line":159,"column":17},"end":{"line":159,"column":30}},"65":{"start":{"line":160,"column":26},"end":{"line":160,"column":48}},"66":{"start":{"line":161,"column":21},"end":{"line":161,"column":38}},"67":{"start":{"line":163,"column":4},"end":{"line":165,"column":5}},"68":{"start":{"line":164,"column":8},"end":{"line":164,"column":74}},"69":{"start":{"line":166,"column":4},"end":{"line":168,"column":5}},"70":{"start":{"line":167,"column":8},"end":{"line":167,"column":122}},"71":{"start":{"line":169,"column":4},"end":{"line":171,"column":5}},"72":{"start":{"line":170,"column":8},"end":{"line":170,"column":125}},"73":{"start":{"line":173,"column":4},"end":{"line":216,"column":5}},"74":{"start":{"line":174,"column":25},"end":{"line":174,"column":53}},"75":{"start":{"line":175,"column":17},"end":{"line":175,"column":65}},"76":{"start":{"line":177,"column":4},"end":{"line":179,"column":5}},"77":{"start":{"line":178,"column":8},"end":{"line":178,"column":61}},"78":{"start":{"line":182,"column":35},"end":{"line":182,"column":70}},"79":{"start":{"line":183,"column":4},"end":{"line":185,"column":5}},"80":{"start":{"line":184,"column":8},"end":{"line":184,"column":61}},"81":{"start":{"line":187,"column":28},"end":{"line":187,"column":75}},"82":{"start":{"line":189,"column":4},"end":{"line":191,"column":5}},"83":{"start":{"line":190,"column":8},"end":{"line":190,"column":68}},"84":{"start":{"line":194,"column":30},"end":{"line":194,"column":61}},"85":{"start":{"line":196,"column":18},"end":{"line":201,"column":51}},"86":{"start":{"line":203,"column":4},"end":{"line":212,"column":7}},"87":{"start":{"line":215,"column":8},"end":{"line":215,"column":54}}},"fnMap":{"0":{"name":"(anonymous_0)","decl":{"start":{"line":16,"column":23},"end":{"line":16,"column":24}},"loc":{"start":{"line":16,"column":43},"end":{"line":95,"column":1}},"line":16},"1":{"name":"(anonymous_1)","decl":{"start":{"line":21,"column":38},"end":{"line":21,"column":39}},"loc":{"start":{"line":21,"column":45},"end":{"line":25,"column":9}},"line":21},"2":{"name":"(anonymous_2)","decl":{"start":{"line":102,"column":34},"end":{"line":102,"column":35}},"loc":{"start":{"line":102,"column":54},"end":{"line":138,"column":1}},"line":102},"3":{"name":"(anonymous_3)","decl":{"start":{"line":145,"column":22},"end":{"line":145,"column":23}},"loc":{"start":{"line":145,"column":42},"end":{"line":217,"column":1}},"line":145},"4":{"name":"(anonymous_4)","decl":{"start":{"line":149,"column":34},"end":{"line":149,"column":35}},"loc":{"start":{"line":149,"column":41},"end":{"line":153,"column":5}},"line":149}},"branchMap":{"0":{"loc":{"start":{"line":22,"column":12},"end":{"line":24,"column":13}},"type":"if","locations":[{"start":{"line":22,"column":12},"end":{"line":24,"column":13}},{"start":{},"end":{}}],"line":22},"1":{"loc":{"start":{"line":42,"column":8},"end":{"line":44,"column":9}},"type":"if","locations":[{"start":{"line":42,"column":8},"end":{"line":44,"column":9}},{"start":{},"end":{}}],"line":42},"2":{"loc":{"start":{"line":42,"column":12},"end":{"line":42,"column":79}},"type":"binary-expr","locations":[{"start":{"line":42,"column":12},"end":{"line":42,"column":21}},{"start":{"line":42,"column":25},"end":{"line":42,"column":35}},{"start":{"line":42,"column":39},"end":{"line":42,"column":53}},{"start":{"line":42,"column":57},"end":{"line":42,"column":66}},{"start":{"line":42,"column":70},"end":{"line":42,"column":79}}],"line":42},"3":{"loc":{"start":{"line":46,"column":9},"end":{"line":48,"column":9}},"type":"if","locations":[{"start":{"line":46,"column":9},"end":{"line":48,"column":9}},{"start":{},"end":{}}],"line":46},"4":{"loc":{"start":{"line":49,"column":8},"end":{"line":51,"column":9}},"type":"if","locations":[{"start":{"line":49,"column":8},"end":{"line":51,"column":9}},{"start":{},"end":{}}],"line":49},"5":{"loc":{"start":{"line":52,"column":8},"end":{"line":54,"column":9}},"type":"if","locations":[{"start":{"line":52,"column":8},"end":{"line":54,"column":9}},{"start":{},"end":{}}],"line":52},"6":{"loc":{"start":{"line":55,"column":8},"end":{"line":57,"column":9}},"type":"if","locations":[{"start":{"line":55,"column":8},"end":{"line":57,"column":9}},{"start":{},"end":{}}],"line":55},"7":{"loc":{"start":{"line":58,"column":8},"end":{"line":60,"column":9}},"type":"if","locations":[{"start":{"line":58,"column":8},"end":{"line":60,"column":9}},{"start":{},"end":{}}],"line":58},"8":{"loc":{"start":{"line":66,"column":8},"end":{"line":68,"column":9}},"type":"if","locations":[{"start":{"line":66,"column":8},"end":{"line":68,"column":9}},{"start":{},"end":{}}],"line":66},"9":{"loc":{"start":{"line":106,"column":8},"end":{"line":108,"column":9}},"type":"if","locations":[{"start":{"line":106,"column":8},"end":{"line":108,"column":9}},{"start":{},"end":{}}],"line":106},"10":{"loc":{"start":{"line":113,"column":8},"end":{"line":115,"column":9}},"type":"if","locations":[{"start":{"line":113,"column":8},"end":{"line":115,"column":9}},{"start":{},"end":{}}],"line":113},"11":{"loc":{"start":{"line":150,"column":8},"end":{"line":152,"column":9}},"type":"if","locations":[{"start":{"line":150,"column":8},"end":{"line":152,"column":9}},{"start":{},"end":{}}],"line":150},"12":{"loc":{"start":{"line":163,"column":4},"end":{"line":165,"column":5}},"type":"if","locations":[{"start":{"line":163,"column":4},"end":{"line":165,"column":5}},{"start":{},"end":{}}],"line":163},"13":{"loc":{"start":{"line":163,"column":8},"end":{"line":163,"column":26}},"type":"binary-expr","locations":[{"start":{"line":163,"column":8},"end":{"line":163,"column":13}},{"start":{"line":163,"column":17},"end":{"line":163,"column":26}}],"line":163},"14":{"loc":{"start":{"line":166,"column":4},"end":{"line":168,"column":5}},"type":"if","locations":[{"start":{"line":166,"column":4},"end":{"line":168,"column":5}},{"start":{},"end":{}}],"line":166},"15":{"loc":{"start":{"line":169,"column":4},"end":{"line":171,"column":5}},"type":"if","locations":[{"start":{"line":169,"column":4},"end":{"line":171,"column":5}},{"start":{},"end":{}}],"line":169},"16":{"loc":{"start":{"line":177,"column":4},"end":{"line":179,"column":5}},"type":"if","locations":[{"start":{"line":177,"column":4},"end":{"line":179,"column":5}},{"start":{},"end":{}}],"line":177},"17":{"loc":{"start":{"line":183,"column":4},"end":{"line":185,"column":5}},"type":"if","locations":[{"start":{"line":183,"column":4},"end":{"line":185,"column":5}},{"start":{},"end":{}}],"line":183},"18":{"loc":{"start":{"line":189,"column":4},"end":{"line":191,"column":5}},"type":"if","locations":[{"start":{"line":189,"column":4},"end":{"line":191,"column":5}},{"start":{},"end":{}}],"line":189}},"s":{"0":0,"1":0,"2":0,"3":0,"4":0,"5":0,"6":0,"7":0,"8":0,"9":0,"10":0,"11":0,"12":0,"13":0,"14":0,"15":0,"16":0,"17":0,"18":0,"19":0,"20":0,"21":0,"22":0,"23":0,"24":0,"25":0,"26":0,"27":0,"28":0,"29":0,"30":0,"31":0,"32":0,"33":0,"34":0,"35":0,"36":0,"37":0,"38":0,"39":0,"40":0,"41":0,"42":0,"43":0,"44":0,"45":0,"46":0,"47":0,"48":0,"49":0,"50":0,"51":0,"52":0,"53":0,"54":0,"55":0,"56":0,"57":0,"58":0,"59":0,"60":0,"61":0,"62":0,"63":0,"64":0,"65":0,"66":0,"67":0,"68":0,"69":0,"70":0,"71":0,"72":0,"73":0,"74":0,"75":0,"76":0,"77":0,"78":0,"79":0,"80":0,"81":0,"82":0,"83":0,"84":0,"85":0,"86":0,"87":0},"f":{"0":0,"1":0,"2":0,"3":0,"4":0},"b":{"0":[0,0],"1":[0,0],"2":[0,0,0,0,0],"3":[0,0],"4":[0,0],"5":[0,0],"6":[0,0],"7":[0,0],"8":[0,0],"9":[0,0],"10":[0,0],"11":[0,0],"12":[0,0],"13":[0,0],"14":[0,0],"15":[0,0],"16":[0,0],"17":[0,0],"18":[0,0]},"inputSourceMap":null}
,"/Users/emilfabel/insy7314/backend/utils/encryption.js": {"path":"/Users/emilfabel/insy7314/backend/utils/encryption.js","statementMap":{"0":{"start":{"line":4,"column":18},"end":{"line":4,"column":31}},"1":{"start":{"line":5,"column":17},"end":{"line":5,"column":43}},"2":{"start":{"line":6,"column":13},"end":{"line":6,"column":19}},"3":{"start":{"line":7,"column":19},"end":{"line":7,"column":21}},"4":{"start":{"line":8,"column":18},"end":{"line":8,"column":20}},"5":{"start":{"line":12,"column":4},"end":{"line":17,"column":7}},"6":{"start":{"line":13,"column":8},"end":{"line":16,"column":11}},"7":{"start":{"line":14,"column":12},"end":{"line":15,"column":30}},"8":{"start":{"line":14,"column":21},"end":{"line":14,"column":33}},"9":{"start":{"line":15,"column":17},"end":{"line":15,"column":30}},"10":{"start":{"line":22,"column":4},"end":{"line":22,"column":27}},"11":{"start":{"line":22,"column":15},"end":{"line":22,"column":27}},"12":{"start":{"line":23,"column":4},"end":{"line":48,"column":5}},"13":{"start":{"line":24,"column":20},"end":{"line":24,"column":37}},"14":{"start":{"line":26,"column":8},"end":{"line":44,"column":11}},"15":{"start":{"line":27,"column":12},"end":{"line":43,"column":15}},"16":{"start":{"line":28,"column":16},"end":{"line":31,"column":17}},"17":{"start":{"line":29,"column":20},"end":{"line":29,"column":62}},"18":{"start":{"line":30,"column":20},"end":{"line":30,"column":27}},"19":{"start":{"line":33,"column":16},"end":{"line":42,"column":17}},"20":{"start":{"line":34,"column":35},"end":{"line":34,"column":69}},"21":{"start":{"line":35,"column":36},"end":{"line":35,"column":70}},"22":{"start":{"line":36,"column":20},"end":{"line":36,"column":53}},"23":{"start":{"line":39,"column":20},"end":{"line":39,"column":79}},"24":{"start":{"line":41,"column":20},"end":{"line":41,"column":77}},"25":{"start":{"line":46,"column":8},"end":{"line":46,"column":50}},"26":{"start":{"line":47,"column":8},"end":{"line":47,"column":45}},"27":{"start":{"line":53,"column":4},"end":{"line":53,"column":77}},"28":{"start":{"line":53,"column":56},"end":{"line":53,"column":77}},"29":{"start":{"line":54,"column":4},"end":{"line":67,"column":5}},"30":{"start":{"line":55,"column":20},"end":{"line":55,"column":37}},"31":{"start":{"line":56,"column":26},"end":{"line":56,"column":50}},"32":{"start":{"line":57,"column":19},"end":{"line":57,"column":56}},"33":{"start":{"line":58,"column":30},"end":{"line":58,"column":49}},"34":{"start":{"line":60,"column":25},"end":{"line":60,"column":61}},"35":{"start":{"line":61,"column":24},"end":{"line":61,"column":69}},"36":{"start":{"line":62,"column":8},"end":{"line":62,"column":44}},"37":{"start":{"line":63,"column":8},"end":{"line":63,"column":25}},"38":{"start":{"line":65,"column":8},"end":{"line":65,"column":50}},"39":{"start":{"line":66,"column":8},"end":{"line":66,"column":45}}},"fnMap":{"0":{"name":"deriveKey","decl":{"start":{"line":11,"column":9},"end":{"line":11,"column":18}},"loc":{"start":{"line":11,"column":21},"end":{"line":18,"column":1}},"line":11},"1":{"name":"(anonymous_1)","decl":{"start":{"line":12,"column":23},"end":{"line":12,"column":24}},"loc":{"start":{"line":12,"column":44},"end":{"line":17,"column":5}},"line":12},"2":{"name":"(anonymous_2)","decl":{"start":{"line":13,"column":43},"end":{"line":13,"column":44}},"loc":{"start":{"line":13,"column":57},"end":{"line":16,"column":9}},"line":13},"3":{"name":"encrypt","decl":{"start":{"line":21,"column":22},"end":{"line":21,"column":29}},"loc":{"start":{"line":21,"column":36},"end":{"line":49,"column":1}},"line":21},"4":{"name":"(anonymous_4)","decl":{"start":{"line":26,"column":27},"end":{"line":26,"column":28}},"loc":{"start":{"line":26,"column":48},"end":{"line":44,"column":9}},"line":26},"5":{"name":"(anonymous_5)","decl":{"start":{"line":27,"column":50},"end":{"line":27,"column":51}},"loc":{"start":{"line":27,"column":63},"end":{"line":43,"column":13}},"line":27},"6":{"name":"decrypt","decl":{"start":{"line":52,"column":22},"end":{"line":52,"column":29}},"loc":{"start":{"line":52,"column":45},"end":{"line":68,"column":1}},"line":52}},"branchMap":{"0":{"loc":{"start":{"line":14,"column":12},"end":{"line":15,"column":30}},"type":"if","locations":[{"start":{"line":14,"column":12},"end":{"line":15,"column":30}},{"start":{"line":15,"column":17},"end":{"line":15,"column":30}}],"line":14},"1":{"loc":{"start":{"line":22,"column":4},"end":{"line":22,"column":27}},"type":"if","locations":[{"start":{"line":22,"column":4},"end":{"line":22,"column":27}},{"start":{},"end":{}}],"line":22},"2":{"loc":{"start":{"line":28,"column":16},"end":{"line":31,"column":17}},"type":"if","locations":[{"start":{"line":28,"column":16},"end":{"line":31,"column":17}},{"start":{},"end":{}}],"line":28},"3":{"loc":{"start":{"line":53,"column":4},"end":{"line":53,"column":77}},"type":"if","locations":[{"start":{"line":53,"column":4},"end":{"line":53,"column":77}},{"start":{},"end":{}}],"line":53},"4":{"loc":{"start":{"line":53,"column":8},"end":{"line":53,"column":54}},"type":"binary-expr","locations":[{"start":{"line":53,"column":8},"end":{"line":53,"column":22}},{"start":{"line":53,"column":26},"end":{"line":53,"column":54}}],"line":53}},"s":{"0":1,"1":1,"2":1,"3":1,"4":1,"5":37,"6":37,"7":37,"8":0,"9":37,"10":25,"11":3,"12":22,"13":22,"14":22,"15":22,"16":22,"17":0,"18":0,"19":22,"20":22,"21":22,"22":22,"23":22,"24":0,"25":0,"26":0,"27":19,"28":4,"29":15,"30":15,"31":15,"32":15,"33":15,"34":15,"35":14,"36":14,"37":14,"38":1,"39":1},"f":{"0":37,"1":37,"2":37,"3":25,"4":22,"5":22,"6":19},"b":{"0":[0,37],"1":[3,22],"2":[0,22],"3":[4,15],"4":[19,16]},"inputSourceMap":null,"_coverageSchema":"1a1c01bbd47fc00a2c39e90264f33305004495a9","hash":"bf7998cb0e45f90fa95591e435a99e078f1f9ba6"}
}
