TN:
SF:app.js
FN:9,(anonymous_0)
FN:13,(anonymous_1)
FN:17,(anonymous_2)
FNF:3
FNH:0
FNDA:0,(anonymous_0)
FNDA:0,(anonymous_1)
FNDA:0,(anonymous_2)
DA:4,0
DA:5,0
DA:7,0
DA:9,0
DA:10,0
DA:13,0
DA:14,0
DA:17,0
DA:18,0
DA:23,0
DA:26,0
LF:11
LH:0
BRF:0
BRH:0
end_of_record
TN:
SF:check-auth.js
FN:3,(anonymous_0)
FNF:1
FNH:0
FNDA:0,(anonymous_0)
DA:3,0
DA:4,0
DA:5,0
DA:6,0
DA:7,0
DA:9,0
DA:10,0
DA:11,0
DA:13,0
LF:9
LH:0
BRDA:6,0,0,0
BRDA:6,0,1,0
BRF:2
BRH:0
end_of_record
TN:
SF:server.js
FN:31,(anonymous_0)
FN:71,(anonymous_1)
FN:76,(anonymous_2)
FN:86,(anonymous_3)
FN:91,(anonymous_4)
FNF:5
FNH:0
FNDA:0,(anonymous_0)
FNDA:0,(anonymous_1)
FNDA:0,(anonymous_2)
FNDA:0,(anonymous_3)
FNDA:0,(anonymous_4)
DA:13,0
DA:17,0
DA:18,0
DA:19,0
DA:22,0
DA:28,0
DA:31,0
DA:32,0
DA:33,0
DA:36,0
DA:42,0
DA:51,0
DA:59,0
DA:61,0
DA:62,0
DA:65,0
DA:66,0
DA:67,0
DA:68,0
DA:71,0
DA:72,0
DA:76,0
DA:77,0
DA:86,0
DA:87,0
DA:91,0
DA:92,0
LF:27
LH:0
BRF:0
BRH:0
end_of_record
TN:
SF:db/conn.js
FNF:0
FNH:0
DA:3,0
DA:5,0
DA:7,0
DA:10,0
DA:11,0
DA:12,0
DA:14,0
DA:17,0
LF:8
LH:0
BRDA:5,0,0,0
BRDA:5,0,1,0
BRF:2
BRH:0
end_of_record
TN:
SF:routes/payments.js
FN:15,(anonymous_0)
FN:19,(anonymous_1)
FN:116,(anonymous_2)
FN:122,(anonymous_3)
FN:150,(anonymous_4)
FN:158,(anonymous_5)
FN:186,(anonymous_6)
FN:228,(anonymous_7)
FN:304,(anonymous_8)
FN:316,(anonymous_9)
FNF:10
FNH:0
FNDA:0,(anonymous_0)
FNDA:0,(anonymous_1)
FNDA:0,(anonymous_2)
FNDA:0,(anonymous_3)
FNDA:0,(anonymous_4)
FNDA:0,(anonymous_5)
FNDA:0,(anonymous_6)
FNDA:0,(anonymous_7)
FNDA:0,(anonymous_8)
FNDA:0,(anonymous_9)
DA:7,0
DA:8,0
DA:15,0
DA:18,0
DA:19,0
DA:20,0
DA:21,0
DA:26,0
DA:27,0
DA:28,0
DA:29,0
DA:30,0
DA:31,0
DA:33,0
DA:41,0
DA:44,0
DA:45,0
DA:51,0
DA:52,0
DA:54,0
DA:55,0
DA:57,0
DA:58,0
DA:60,0
DA:61,0
DA:63,0
DA:64,0
DA:66,0
DA:67,0
DA:71,0
DA:72,0
DA:73,0
DA:74,0
DA:75,0
DA:76,0
DA:79,0
DA:96,0
DA:97,0
DA:99,0
DA:106,0
DA:107,0
DA:116,0
DA:117,0
DA:118,0
DA:119,0
DA:122,0
DA:123,0
DA:134,0
DA:140,0
DA:141,0
DA:150,0
DA:151,0
DA:152,0
DA:153,0
DA:158,0
DA:159,0
DA:170,0
DA:176,0
DA:177,0
DA:186,0
DA:187,0
DA:188,0
DA:190,0
DA:191,0
DA:194,0
DA:195,0
DA:197,0
DA:198,0
DA:202,0
DA:212,0
DA:218,0
DA:219,0
DA:228,0
DA:229,0
DA:230,0
DA:231,0
DA:233,0
DA:234,0
DA:237,0
DA:238,0
DA:241,0
DA:244,0
DA:246,0
DA:247,0
DA:250,0
DA:251,0
DA:257,0
DA:265,0
DA:270,0
DA:271,0
DA:275,0
DA:278,0
DA:288,0
DA:294,0
DA:295,0
DA:304,0
DA:305,0
DA:306,0
DA:308,0
DA:309,0
DA:312,0
DA:313,0
DA:316,0
DA:317,0
DA:328,0
DA:334,0
DA:335,0
LF:107
LH:0
BRDA:20,0,0,0
BRDA:20,0,1,0
BRDA:44,1,0,0
BRDA:44,1,1,0
BRDA:44,2,0,0
BRDA:44,2,1,0
BRDA:44,2,2,0
BRDA:44,2,3,0
BRDA:44,2,4,0
BRDA:44,2,5,0
BRDA:51,3,0,0
BRDA:51,3,1,0
BRDA:54,4,0,0
BRDA:54,4,1,0
BRDA:57,5,0,0
BRDA:57,5,1,0
BRDA:60,6,0,0
BRDA:60,6,1,0
BRDA:63,7,0,0
BRDA:63,7,1,0
BRDA:66,8,0,0
BRDA:66,8,1,0
BRDA:190,9,0,0
BRDA:190,9,1,0
BRDA:197,10,0,0
BRDA:197,10,1,0
BRDA:233,11,0,0
BRDA:233,11,1,0
BRDA:237,12,0,0
BRDA:237,12,1,0
BRDA:237,13,0,0
BRDA:237,13,1,0
BRDA:246,14,0,0
BRDA:246,14,1,0
BRDA:250,15,0,0
BRDA:250,15,1,0
BRDA:262,16,0,0
BRDA:262,16,1,0
BRDA:270,17,0,0
BRDA:270,17,1,0
BRDA:308,18,0,0
BRDA:308,18,1,0
BRF:42
BRH:0
end_of_record
TN:
SF:routes/user.js
FN:16,(anonymous_0)
FN:21,(anonymous_1)
FN:102,(anonymous_2)
FN:145,(anonymous_3)
FN:149,(anonymous_4)
FNF:5
FNH:0
FNDA:0,(anonymous_0)
FNDA:0,(anonymous_1)
FNDA:0,(anonymous_2)
FNDA:0,(anonymous_3)
FNDA:0,(anonymous_4)
DA:9,0
DA:16,0
DA:17,0
DA:20,0
DA:21,0
DA:22,0
DA:23,0
DA:28,0
DA:29,0
DA:30,0
DA:31,0
DA:32,0
DA:35,0
DA:36,0
DA:37,0
DA:38,0
DA:39,0
DA:42,0
DA:43,0
DA:46,0
DA:47,0
DA:49,0
DA:50,0
DA:52,0
DA:53,0
DA:55,0
DA:56,0
DA:58,0
DA:59,0
DA:63,0
DA:64,0
DA:66,0
DA:67,0
DA:71,0
DA:74,0
DA:75,0
DA:76,0
DA:78,0
DA:87,0
DA:89,0
DA:92,0
DA:93,0
DA:102,0
DA:103,0
DA:104,0
DA:106,0
DA:107,0
DA:110,0
DA:111,0
DA:113,0
DA:114,0
DA:118,0
DA:119,0
DA:120,0
DA:122,0
DA:135,0
DA:136,0
DA:145,0
DA:148,0
DA:149,0
DA:150,0
DA:151,0
DA:156,0
DA:157,0
DA:159,0
DA:160,0
DA:161,0
DA:163,0
DA:164,0
DA:166,0
DA:167,0
DA:169,0
DA:170,0
DA:173,0
DA:174,0
DA:175,0
DA:177,0
DA:178,0
DA:182,0
DA:183,0
DA:184,0
DA:187,0
DA:189,0
DA:190,0
DA:194,0
DA:196,0
DA:203,0
DA:215,0
LF:88
LH:0
BRDA:22,0,0,0
BRDA:22,0,1,0
BRDA:42,1,0,0
BRDA:42,1,1,0
BRDA:42,2,0,0
BRDA:42,2,1,0
BRDA:42,2,2,0
BRDA:42,2,3,0
BRDA:42,2,4,0
BRDA:46,3,0,0
BRDA:46,3,1,0
BRDA:49,4,0,0
BRDA:49,4,1,0
BRDA:52,5,0,0
BRDA:52,5,1,0
BRDA:55,6,0,0
BRDA:55,6,1,0
BRDA:58,7,0,0
BRDA:58,7,1,0
BRDA:66,8,0,0
BRDA:66,8,1,0
BRDA:106,9,0,0
BRDA:106,9,1,0
BRDA:113,10,0,0
BRDA:113,10,1,0
BRDA:150,11,0,0
BRDA:150,11,1,0
BRDA:163,12,0,0
BRDA:163,12,1,0
BRDA:163,13,0,0
BRDA:163,13,1,0
BRDA:166,14,0,0
BRDA:166,14,1,0
BRDA:169,15,0,0
BRDA:169,15,1,0
BRDA:177,16,0,0
BRDA:177,16,1,0
BRDA:183,17,0,0
BRDA:183,17,1,0
BRDA:189,18,0,0
BRDA:189,18,1,0
BRF:41
BRH:0
end_of_record
TN:
SF:utils/encryption.js
FN:11,deriveKey
FN:12,(anonymous_1)
FN:13,(anonymous_2)
FN:21,encrypt
FN:26,(anonymous_4)
FN:27,(anonymous_5)
FN:52,decrypt
FNF:7
FNH:7
FNDA:37,deriveKey
FNDA:37,(anonymous_1)
FNDA:37,(anonymous_2)
FNDA:25,encrypt
FNDA:22,(anonymous_4)
FNDA:22,(anonymous_5)
FNDA:19,decrypt
DA:4,1
DA:5,1
DA:6,1
DA:7,1
DA:8,1
DA:12,37
DA:13,37
DA:14,37
DA:15,37
DA:22,25
DA:23,22
DA:24,22
DA:26,22
DA:27,22
DA:28,22
DA:29,0
DA:30,0
DA:33,22
DA:34,22
DA:35,22
DA:36,22
DA:39,22
DA:41,0
DA:46,0
DA:47,0
DA:53,19
DA:54,15
DA:55,15
DA:56,15
DA:57,15
DA:58,15
DA:60,15
DA:61,14
DA:62,14
DA:63,14
DA:65,1
DA:66,1
LF:37
LH:32
BRDA:14,0,0,0
BRDA:14,0,1,37
BRDA:22,1,0,3
BRDA:22,1,1,22
BRDA:28,2,0,0
BRDA:28,2,1,22
BRDA:53,3,0,4
BRDA:53,3,1,15
BRDA:53,4,0,19
BRDA:53,4,1,16
BRF:10
BRH:8
end_of_record
